


ARM Macro Assembler    Page 1 


    1 00000000 40004C04 
                       P1DIR   EQU              0x40004C04
    2 00000000 40004C02 
                       P1OUT   EQU              0x40004C02
    3 00000000         
    4 00000000 40004C05 
                       P2DIR   EQU              0x40004C05
    5 00000000 40004C03 
                       P2OUT   EQU              0x40004C03
    6 00000000         
    7 00000000                 THUMB
    8 00000000                 AREA             |.text|, CODE, READONLY, ALIGN=
2
    9 00000000                 EXPORT           asm_main
   10 00000000         
   11 00000000         asm_main
   12 00000000         ; make P1.0 an output pin
   13 00000000 4820            LDR              R0, =P1DIR  ; load Dir Reg in R
                                                            1
   14 00000002 7801            LDRB             R1, [R0]
   15 00000004 F041 0101       ORR              R1, #1      ; set bit 0
   16 00000008 7001            STRB             R1, [R0]    ; store back to Dir
                                                             Reg
   17 0000000A         
   18 0000000A         ; make P2.(0-2 outpus)
   19 0000000A 481F            LDR              R0, =P2DIR  ; load Dir Reg in R
                                                            1
   20 0000000C 7801            LDRB             R1, [R0]
   21 0000000E F041 0107       ORR              R1, #7      ; set bit 0
   22 00000012 7001            STRB             R1, [R0]    ; store back to Dir
                                                             Reg
   23 00000014         
   24 00000014         ; Set P1 and P2 outputs to be 0
   25 00000014 481D            LDR              R0,=P1OUT
   26 00000016 F04F 0200       MOV              R2, #0
   27 0000001A 7002            STRB             R2, [R0]
   28 0000001C 481C            LDR              R0,=P2OUT
   29 0000001E 7002            STRB             R2, [R0]
   30 00000020         
   31 00000020         loop
   32 00000020         ;RED led (p1.0) on!
   33 00000020 481A            LDR              R0, =P1OUT  ; load Output Data 
                                                            Reg in R1
   34 00000022 7801            LDRB             R1, [R0]
   35 00000024 F041 0101       ORR              R1, #1      ; set bit 0
   36 00000028 7001            STRB             R1, [R0]    ; store back to Out
                                                            put Data Reg
   37 0000002A         
   38 0000002A         ; delay for 0.5 second
   39 0000002A 481A            LDR              R0, =500000
   40 0000002C F000 F827       BL               delayMs
   41 00000030         
   42 00000030         ;RED led (p1.0) off!
   43 00000030 4816            LDR              R0, =P1OUT  ; load Output Data 
                                                            Reg in R1
   44 00000032 7801            LDRB             R1, [R0]
   45 00000034 F06F 0201       MVN              R2, #1      ; load complement o
                                                            f bit 0 mask
   46 00000038 EA01 0102       AND              R1, R2      ; clear bit 0



ARM Macro Assembler    Page 2 


   47 0000003C 7001            STRB             R1, [R0]    ; store back to Out
                                                            put Data Reg
   48 0000003E         
   49 0000003E         ;RED led (p2.0) on!
   50 0000003E 4814            LDR              R0, =P2OUT  ; load Output Data 
                                                            Reg in R1
   51 00000040 7801            LDRB             R1, [R0]
   52 00000042 F041 0101       ORR              R1, #1      ; set bit 0
   53 00000046 7001            STRB             R1, [R0]    ; store back to Out
                                                            put Data Reg
   54 00000048         
   55 00000048         ; delay for 0.5 second
   56 00000048 4812            LDR              R0, =500000
   57 0000004A F000 F818       BL               delayMs
   58 0000004E         
   59 0000004E         ;GREEN led (p2.1) on!
   60 0000004E 4810            LDR              R0, =P2OUT  ; load Output Data 
                                                            Reg in R1
   61 00000050 7801            LDRB             R1, [R0]
   62 00000052 F041 0102       ORR              R1, #2      ; set bit 0
   63 00000056 7001            STRB             R1, [R0]    ; store back to Out
                                                            put Data Reg
   64 00000058         
   65 00000058         ; delay for 0.5 second
   66 00000058 480E            LDR              R0, =500000
   67 0000005A F000 F810       BL               delayMs
   68 0000005E         
   69 0000005E         ;BLUE led (p2.2) on!
   70 0000005E 480C            LDR              R0, =P2OUT  ; load Output Data 
                                                            Reg in R1
   71 00000060 7801            LDRB             R1, [R0]
   72 00000062 F041 0104       ORR              R1, #4      ; set bit 0
   73 00000066 7001            STRB             R1, [R0]    ; store back to Out
                                                            put Data Reg 
   74 00000068         
   75 00000068         ; delay for 0.5 second
   76 00000068 480A            LDR              R0, =500000
   77 0000006A F000 F808       BL               delayMs
   78 0000006E         
   79 0000006E         ;BLUE led (p2.1) off!
   80 0000006E 4808            LDR              R0, =P2OUT  ; load Output Data 
                                                            Reg in R1
   81 00000070 7801            LDRB             R1, [R0]
   82 00000072 F06F 0201       MVN              R2, #1      ; load complement o
                                                            f bit 0 mask
   83 00000076 EA01 0102       AND              R1, R2      ; clear bit 0
   84 0000007A 7001            STRB             R1, [R0]    ; store back to Out
                                                            put Data Reg
   85 0000007C         
   86 0000007C E7D0            B                loop        ; repeat the loop
   87 0000007E         
   88 0000007E         
   89 0000007E         ; This subroutine performs a delay of n ms (for 3 MHz CP
                       U clock). 
   90 0000007E         ; n is the value in R0.
   91 0000007E         delayMs
   92 0000007E 3801    L1      SUBS             R0, #1
   93 00000080 D1FD            BNE              L1
   94 00000082 4770            BX               LR



ARM Macro Assembler    Page 3 


   95 00000084         
   96 00000084                 ALIGN
   97 00000084                 END
              40004C04 
              40004C05 
              40004C02 
              40004C03 
              0007A120 
Command Line: --debug --xref --diag_suppress=9931 --cpu=Cortex-M4.fp --apcs=int
erwork --depend=.\objects\asm_main.d -o.\objects\asm_main.o -I.\RTE\_Target_1 -
IC:\Users\TimRo\AppData\Local\Arm\Packs\ARM\CMSIS\5.6.0\CMSIS\Core\Include -IC:
\Users\TimRo\AppData\Local\Arm\Packs\TexasInstruments\MSP432P4xx_DFP\3.2.6\Devi
ce\Include --predefine="__EVAL SETA 1" --predefine="__UVISION_VERSION SETA 528"
 --predefine="_RTE_ SETA 1" --predefine="__MSP432P401R__ SETA 1" --list=.\listi
ngs\asm_main.lst asm_main.s



ARM Macro Assembler    Page 1 Alphabetic symbol ordering
Relocatable symbols

.text 00000000

Symbol: .text
   Definitions
      At line 8 in file asm_main.s
   Uses
      None
Comment: .text unused
L1 0000007E

Symbol: L1
   Definitions
      At line 92 in file asm_main.s
   Uses
      At line 93 in file asm_main.s
Comment: L1 used once
asm_main 00000000

Symbol: asm_main
   Definitions
      At line 11 in file asm_main.s
   Uses
      At line 9 in file asm_main.s
Comment: asm_main used once
delayMs 0000007E

Symbol: delayMs
   Definitions
      At line 91 in file asm_main.s
   Uses
      At line 40 in file asm_main.s
      At line 57 in file asm_main.s
      At line 67 in file asm_main.s
      At line 77 in file asm_main.s

loop 00000020

Symbol: loop
   Definitions
      At line 31 in file asm_main.s
   Uses
      At line 86 in file asm_main.s
Comment: loop used once
5 symbols



ARM Macro Assembler    Page 1 Alphabetic symbol ordering
Absolute symbols

P1DIR 40004C04

Symbol: P1DIR
   Definitions
      At line 1 in file asm_main.s
   Uses
      At line 13 in file asm_main.s
Comment: P1DIR used once
P1OUT 40004C02

Symbol: P1OUT
   Definitions
      At line 2 in file asm_main.s
   Uses
      At line 25 in file asm_main.s
      At line 33 in file asm_main.s
      At line 43 in file asm_main.s

P2DIR 40004C05

Symbol: P2DIR
   Definitions
      At line 4 in file asm_main.s
   Uses
      At line 19 in file asm_main.s
Comment: P2DIR used once
P2OUT 40004C03

Symbol: P2OUT
   Definitions
      At line 5 in file asm_main.s
   Uses
      At line 28 in file asm_main.s
      At line 50 in file asm_main.s
      At line 60 in file asm_main.s
      At line 70 in file asm_main.s
      At line 80 in file asm_main.s

4 symbols
346 symbols in table
