


ARM Macro Assembler    Page 1 


    1 00000000 40004C04 
                       P1DIR   EQU              0x40004C04
    2 00000000 40004C02 
                       P1OUT   EQU              0x40004C02
    3 00000000         
    4 00000000 40004C05 
                       P2DIR   EQU              0x40004C05
    5 00000000 40004C03 
                       P2OUT   EQU              0x40004C03
    6 00000000         
    7 00000000 40004C06 
                       P1REN   EQU              0x40004C06
    8 00000000 40004C07 
                       P2REN   EQU              0x40004C07
    9 00000000         
   10 00000000 40004C00 
                       P1IN    EQU              0x40004C00
   11 00000000 40004C01 
                       P2IN    EQU              0x40004C01
   12 00000000         
   13 00000000 00000001 
                       redMASK EQU              0x1
   14 00000000 00000002 
                       greenMASK
                               EQU              0x2
   15 00000000 00000004 
                       blueMASK
                               EQU              0x4
   16 00000000         
   17 00000000 00000002 
                       tstMASK EQU              0x2
   18 00000000 00000010 
                       ackMASK EQU              0x10
   19 00000000 00000040 
                       flaMASK EQU              0x40
   20 00000000 00000080 
                       olaMASK EQU              0x80
   21 00000000         
   22 00000000                 THUMB
   23 00000000                 AREA             |.text|, CODE, READONLY, ALIGN=
2
   24 00000000                 EXPORT           asm_main
   25 00000000         
   26 00000000         asm_main
   27 00000000         ;INPUTS:  P1.1 (CMP) 
   28 00000000         ;         P1.4 (ACK) 
   29 00000000         ;         P2.6 (FLA) 
   30 00000000         ;         P2.7 (OLA)
   31 00000000         ;OUTPUTS: P1.0 RED 
   32 00000000         ;         P2.1 GREEN 
   33 00000000         ;         P2.2 BLUE
   34 00000000         ; make ALL INPUTS
   35 00000000         
   36 00000000         ;Set Inputs
   37 00000000 4890            LDR              R0, =P1DIR  ; load Dir Reg in R
                                                            1
   38 00000002 7801            LDRB             R1, [R0]    ; 
   39 00000004 F021 0102       BIC              R1, tstMASK ; set bit 0
   40 00000008 7001            STRB             R1, [R0]    ; store back to Dir



ARM Macro Assembler    Page 2 


                                                             Reg
   41 0000000A         
   42 0000000A 488E            LDR              R0, =P1DIR  ; load Dir Reg in R
                                                            1
   43 0000000C 7801            LDRB             R1, [R0]    ; 
   44 0000000E F021 0110       BIC              R1, ackMASK ; set bit 0
   45 00000012 7001            STRB             R1, [R0]    ; store back to Dir
                                                             Reg
   46 00000014         
   47 00000014 488C            LDR              R0, =P2DIR  ; load Dir Reg in R
                                                            1
   48 00000016 7801            LDRB             R1, [R0]    ; 
   49 00000018 F021 0140       BIC              R1, flaMASK ; set bit 0
   50 0000001C 7001            STRB             R1, [R0]    ; store back to Dir
                                                             Reg
   51 0000001E         
   52 0000001E 488A            LDR              R0, =P2DIR  ; load Dir Reg in R
                                                            1
   53 00000020 7801            LDRB             R1, [R0]    ; 
   54 00000022 F021 0180       BIC              R1, olaMASK ; set bit 0
   55 00000026 7001            STRB             R1, [R0]    ; store back to Dir
                                                             Reg
   56 00000028         
   57 00000028         ;Set Outputs
   58 00000028 4886            LDR              R0, =P1DIR  ; load Dir Reg in R
                                                            1
   59 0000002A 7801            LDRB             R1, [R0]    ; 
   60 0000002C F041 0101       ORR              R1, redMASK ; set bit 0
   61 00000030 7001            STRB             R1, [R0]    ; store back to Dir
                                                             Reg  
   62 00000032         
   63 00000032 4885            LDR              R0, =P2DIR  ; load Dir Reg in R
                                                            1
   64 00000034 7801            LDRB             R1, [R0]    ; 
   65 00000036 F041 0102       ORR              R1, greenMASK ; set bit 0
   66 0000003A 7001            STRB             R1, [R0]    ; store back to Dir
                                                             Reg 
   67 0000003C         
   68 0000003C 4882            LDR              R0, =P2DIR  ; load Dir Reg in R
                                                            1
   69 0000003E 7801            LDRB             R1, [R0]    ; 
   70 00000040 F041 0104       ORR              R1, blueMASK ; set bit 0
   71 00000044 7001            STRB             R1, [R0]    ; store back to Dir
                                                             Reg 
   72 00000046         
   73 00000046         ;Set Pull-up Resistors
   74 00000046 4881            LDR              R0, =P1REN  ; load Dir Reg in R
                                                            1
   75 00000048 7801            LDRB             R1, [R0]    ; 
   76 0000004A F041 0102       ORR              R1, tstMASK ; set bit 0
   77 0000004E 7001            STRB             R1, [R0]    ; store back to Dir
                                                             Reg
   78 00000050         
   79 00000050 487E            LDR              R0, =P1REN  ; load Dir Reg in R
                                                            1
   80 00000052 7801            LDRB             R1, [R0]    ; 
   81 00000054 F041 0110       ORR              R1, ackMASK ; set bit 0
   82 00000058 7001            STRB             R1, [R0]    ; store back to Dir
                                                             Reg



ARM Macro Assembler    Page 3 


   83 0000005A         
   84 0000005A 487D            LDR              R0, =P2REN  ; load Dir Reg in R
                                                            1
   85 0000005C 7801            LDRB             R1, [R0]    ; 
   86 0000005E F041 0140       ORR              R1, flaMASK ; set bit 0
   87 00000062 7001            STRB             R1, [R0]    ; store back to Dir
                                                             Reg
   88 00000064         
   89 00000064 487A            LDR              R0, =P2REN  ; load Dir Reg in R
                                                            1
   90 00000066 7801            LDRB             R1, [R0]    ; 
   91 00000068 F041 0180       ORR              R1, olaMASK ; set bit 0
   92 0000006C 7001            STRB             R1, [R0]    ; store back to Dir
                                                             Reg  
   93 0000006E         
   94 0000006E         ;Set Pull-up Resistors set as outputs
   95 0000006E 4879            LDR              R0, =P1OUT  ; load Dir Reg in R
                                                            1
   96 00000070 7801            LDRB             R1, [R0]    ; 
   97 00000072 F041 0102       ORR              R1, tstMASK ; set bit 0
   98 00000076 7001            STRB             R1, [R0]    ; store back to Dir
                                                             Reg
   99 00000078         
  100 00000078 4876            LDR              R0, =P1OUT  ; load Dir Reg in R
                                                            1
  101 0000007A 7801            LDRB             R1, [R0]    ; 
  102 0000007C F041 0110       ORR              R1, ackMASK ; set bit 0
  103 00000080 7001            STRB             R1, [R0]    ; store back to Dir
                                                             Reg
  104 00000082         
  105 00000082 4875            LDR              R0, =P2OUT  ; load Dir Reg in R
                                                            1
  106 00000084 7801            LDRB             R1, [R0]    ; 
  107 00000086 F041 0140       ORR              R1, flaMASK ; set bit 0
  108 0000008A 7001            STRB             R1, [R0]    ; store back to Dir
                                                             Reg
  109 0000008C         
  110 0000008C 4872            LDR              R0, =P2OUT  ; load Dir Reg in R
                                                            1
  111 0000008E 7801            LDRB             R1, [R0]    ; 
  112 00000090 F041 0180       ORR              R1, olaMASK ; set bit 0
  113 00000094 7001            STRB             R1, [R0]    ; store back to Dir
                                                             Reg 
  114 00000096         
  115 00000096         
  116 00000096 F000 F8A4       BL               offRed
  117 0000009A F000 F89A       BL               offBlue
  118 0000009E F000 F8A8       BL               offGreen
  119 000000A2         loopB
  120 000000A2 F000 F89E       BL               offRed
  121 000000A6 F000 F894       BL               offBlue
  122 000000AA F000 F8B6       BL               onGreen
  123 000000AE         
  124 000000AE         ;Exit Conditions
  125 000000AE F000 F878       BL               checkFLA
  126 000000B2 2801            CMP              R0, 1
  127 000000B4 D01D            BEQ              loopC
  128 000000B6 F000 F86C       BL               checkTST
  129 000000BA 2801            CMP              R0, 1



ARM Macro Assembler    Page 4 


  130 000000BC D000            BEQ              loopA
  131 000000BE E7F0            B                loopB
  132 000000C0         
  133 000000C0         loopA
  134 000000C0 F000 F88F       BL               offRed
  135 000000C4 F000 F885       BL               offBlue
  136 000000C8 F000 F8A7       BL               onGreen
  137 000000CC         
  138 000000CC         ;Exit Conditions
  139 000000CC F649 4340       LDR              R3,=40000
  140 000000D0 F04F 0600       LDR              R6,=0
  141 000000D4 F000 F85D 
                       iLoop   BL               checkTST
  142 000000D8 2801            CMP              R0, 1
  143 000000DA D1E2            BNE              loopB
  144 000000DC F106 0601       ADD              R6, R6, 1
  145 000000E0 429E            CMP              R6, R3
  146 000000E2 D1F7            BNE              iLoop
  147 000000E4 F000 F89F       BL               xorBlue
  148 000000E8 F000 F8A3       BL               xorRed
  149 000000EC F04F 0600       LDR              R6,=0
  150 000000F0 E7F0            B                iLoop
  151 000000F2         
  152 000000F2         loopC
  153 000000F2 F000 F876       BL               offRed
  154 000000F6 F000 F86C       BL               offBlue
  155 000000FA F000 F87A       BL               offGreen
  156 000000FE F04F 0600       LDR              R6,=0
  157 00000102 F649 4340       LDR              R3,=40000
  158 00000106 F000 F854 
                       jLoop   BL               checkOLA
  159 0000010A 2801            CMP              R0, 1
  160 0000010C D01F            BEQ              loopE
  161 0000010E F000 F848       BL               checkFLA
  162 00000112 2801            CMP              R0, 1
  163 00000114 D1C5            BNE              loopB
  164 00000116 F000 F854       BL               checkACK
  165 0000011A 2801            CMP              R0, 1
  166 0000011C D008            BEQ              loopD
  167 0000011E         
  168 0000011E F106 0601       ADD              R6, R6, 1
  169 00000122 429E            CMP              R6, R3
  170 00000124 D1EF            BNE              jLoop
  171 00000126 F000 F87E       BL               xorBlue
  172 0000012A F04F 0600       LDR              R6,=0
  173 0000012E E7EA            B                jLoop
  174 00000130         
  175 00000130         loopD
  176 00000130 F000 F857       BL               offRed
  177 00000134 F000 F85D       BL               offGreen
  178 00000138 F000 F863       BL               onBlue
  179 0000013C         
  180 0000013C F000 F839       BL               checkOLA
  181 00000140 2801            CMP              R0, 1
  182 00000142 D004            BEQ              loopE
  183 00000144 F000 F82D       BL               checkFLA
  184 00000148 2801            CMP              R0, 1
  185 0000014A D1D2            BNE              loopC
  186 0000014C E7F0            B                loopD



ARM Macro Assembler    Page 5 


  187 0000014E         
  188 0000014E         loopE
  189 0000014E F000 F850       BL               offGreen
  190 00000152 F000 F83E       BL               offBlue
  191 00000156 F000 F844       BL               offRed
  192 0000015A         
  193 0000015A F04F 0600       LDR              R6,=0
  194 0000015E F649 4340       LDR              R3,=40000
  195 00000162 F000 F82E 
                       kLoop   BL               checkACK
  196 00000166 2801            CMP              R0, 1
  197 00000168 D008            BEQ              loopF
  198 0000016A         
  199 0000016A F106 0601       ADD              R6, R6, 1
  200 0000016E 429E            CMP              R6, R3
  201 00000170 D1F7            BNE              kLoop
  202 00000172 F000 F85E       BL               xorRed
  203 00000176 F04F 0600       LDR              R6,=0
  204 0000017A E7F2            B                kLoop
  205 0000017C         
  206 0000017C         loopF
  207 0000017C F000 F839       BL               offGreen
  208 00000180 F000 F827       BL               offBlue
  209 00000184 F000 F843       BL               onRed
  210 00000188         
  211 00000188 F000 F813       BL               checkOLA
  212 0000018C 2801            CMP              R0, 1
  213 0000018E D1CF            BNE              loopD
  214 00000190 E7F4            B                loopF
  215 00000192         
  216 00000192         checkTST
  217 00000192         ;INPUTS:  P1.1 (CMP) 
  218 00000192         ;         P1.4 (ACK) 
  219 00000192         ;         P2.6 (FLA) 
  220 00000192         ;         P2.7 (OLA)
  221 00000192 4832            LDR              R0,=P1IN    ; load Dir Reg in R
                                                            1
  222 00000194 7801            LDRB             R1, [R0]    ; 
  223 00000196 F011 0F02       TST              R1, tstMASK
  224 0000019A BF0C 2001       MOVEQ            R0, 1
  225 0000019E 2000            MOVNE            R0, 0
  226 000001A0 4770            BX               LR
  227 000001A2         
  228 000001A2         checkFLA
  229 000001A2         ;INPUTS:  P1.1 (CMP) 
  230 000001A2         ;         P1.4 (ACK) 
  231 000001A2         ;         P2.6 (FLA) 
  232 000001A2         ;         P2.7 (OLA)
  233 000001A2 482F            LDR              R0,=P2IN    ; load Dir Reg in R
                                                            1
  234 000001A4 7801            LDRB             R1, [R0]    ; 
  235 000001A6 F011 0F40       TST              R1, flaMASK
  236 000001AA BF0C 2001       MOVEQ            R0, 1
  237 000001AE 2000            MOVNE            R0, 0
  238 000001B0 4770            BX               LR
  239 000001B2         
  240 000001B2         checkOLA
  241 000001B2 482B            LDR              R0, =P2IN
  242 000001B4 7801            LDRB             R1, [R0]



ARM Macro Assembler    Page 6 


  243 000001B6 F011 0F80       TST              R1, olaMASK
  244 000001BA BF0C 2001       MOVEQ            R0, 1
  245 000001BE 2000            MOVNE            R0, 0
  246 000001C0 4770            BX               LR
  247 000001C2         
  248 000001C2         checkACK
  249 000001C2         ;INPUTS:  P1.1 (CMP) 
  250 000001C2         ;         P1.4 (ACK) 
  251 000001C2         ;         P2.6 (FLA) 
  252 000001C2         ;         P2.7 (OLA)
  253 000001C2 4826            LDR              R0,=P1IN    ; load Dir Reg in R
                                                            1
  254 000001C4 7801            LDRB             R1, [R0]    ; 
  255 000001C6 F011 0F10       TST              R1, ackMASK
  256 000001CA BF0C 2001       MOVEQ            R0, 1
  257 000001CE 2000            MOVNE            R0, 0
  258 000001D0 4770            BX               LR
  259 000001D2         
  260 000001D2         
  261 000001D2         
  262 000001D2         offBlue
  263 000001D2         ; turn off blue LED
  264 000001D2 4821            LDR              R0, =P2OUT  ; load Output Data 
                                                            Reg in R1
  265 000001D4 7801            LDRB             R1, [R0]
  266 000001D6 F06F 0204       MVN              R2, blueMASK ; load complement 
                                                            of bit 0 mask
  267 000001DA EA01 0102       AND              R1, R2      ; clear bit 0
  268 000001DE 7001            STRB             R1, [R0]    ; store back to Out
                                                            put Data Reg
  269 000001E0 4770            BX               LR
  270 000001E2         offRed
  271 000001E2         ; turn off red LED
  272 000001E2 481C            LDR              R0, =P1OUT  ; load Output Data 
                                                            Reg in R1
  273 000001E4 7801            LDRB             R1, [R0]
  274 000001E6 F06F 0201       MVN              R2, #redMASK ; load complement 
                                                            of bit 0 mask
  275 000001EA EA01 0102       AND              R1, R2      ; clear bit 0
  276 000001EE 7001            STRB             R1, [R0]    ; store back to Out
                                                            put Data Reg
  277 000001F0 4770            BX               LR
  278 000001F2         offGreen
  279 000001F2         ; turn off green LED
  280 000001F2 4819            LDR              R0, =P2OUT  ; load Output Data 
                                                            Reg in R1
  281 000001F4 7801            LDRB             R1, [R0]
  282 000001F6 F06F 0202       MVN              R2, #greenMASK ; load complemen
                                                            t of bit 0 mask
  283 000001FA EA01 0102       AND              R1, R2      ; clear bit 0
  284 000001FE 7001            STRB             R1, [R0]    ; store back to Out
                                                            put Data Reg
  285 00000200 4770            BX               LR
  286 00000202         onBlue
  287 00000202         ; turn on blue LED
  288 00000202 4815            LDR              R0, =P2OUT  ; load Output Data 
                                                            Reg in R1
  289 00000204 7801            LDRB             R1, [R0]
  290 00000206 F041 0104       ORR              R1, #blueMASK ; set bit 0



ARM Macro Assembler    Page 7 


  291 0000020A 7001            STRB             R1, [R0]    ; store back to Out
                                                            put Data Reg
  292 0000020C 4770            BX               LR
  293 0000020E         onRed
  294 0000020E         ; turn on Red LED
  295 0000020E 4811            LDR              R0, =P1OUT  ; load Output Data 
                                                            Reg in R1
  296 00000210 7801            LDRB             R1, [R0]
  297 00000212 F041 0101       ORR              R1, #redMASK ; set bit 0
  298 00000216 7001            STRB             R1, [R0]    ; store back to Out
                                                            put Data Reg
  299 00000218 4770            BX               LR
  300 0000021A         onGreen
  301 0000021A         ; turn on blue LED
  302 0000021A 480F            LDR              R0, =P2OUT  ; load Output Data 
                                                            Reg in R1
  303 0000021C 7801            LDRB             R1, [R0]
  304 0000021E F041 0102       ORR              R1, greenMASK ; set bit 0
  305 00000222 7001            STRB             R1, [R0]    ; store back to Out
                                                            put Data Reg
  306 00000224 4770            BX               LR
  307 00000226         xorBlue
  308 00000226         ; turn on blue LED
  309 00000226 480C            LDR              R0, =P2OUT  ; load Output Data 
                                                            Reg in R1
  310 00000228 7801            LDRB             R1, [R0]
  311 0000022A F081 0104       EOR              R1, blueMASK ; set bit 0
  312 0000022E 7001            STRB             R1, [R0]    ; store back to Out
                                                            put Data Reg
  313 00000230 4770            BX               LR
  314 00000232         xorRed
  315 00000232         ; turn on Red LED
  316 00000232 4808            LDR              R0, =P1OUT  ; load Output Data 
                                                            Reg in R1
  317 00000234 7801            LDRB             R1, [R0]
  318 00000236 F081 0101       EOR              R1, redMASK ; set bit 0
  319 0000023A 7001            STRB             R1, [R0]    ; store back to Out
                                                            put Data Reg
  320 0000023C 4770            BX               LR
  321 0000023E         
  322 0000023E         delayMs
  323 0000023E 3801    L1      SUBS             R0, #1      ; inner loop
  324 00000240 D1FD            BNE              L1
  325 00000242 4770            BX               LR
  326 00000244                 END
              40004C04 
              40004C05 
              40004C06 
              40004C07 
              40004C02 
              40004C03 
              40004C00 
              40004C01 
Command Line: --debug --xref --diag_suppress=9931 --cpu=Cortex-M4.fp --apcs=int
erwork --depend=.\objects\asm_main.d -o.\objects\asm_main.o -I.\RTE\_Target_1 -
IC:\Users\TimRo\AppData\Local\Arm\Packs\ARM\CMSIS\5.6.0\CMSIS\Core\Include -IC:
\Users\TimRo\AppData\Local\Arm\Packs\TexasInstruments\MSP432P4xx_DFP\3.2.6\Devi
ce\Include --predefine="__EVAL SETA 1" --predefine="__UVISION_VERSION SETA 528"
 --predefine="_RTE_ SETA 1" --predefine="__MSP432P401R__ SETA 1" --list=.\listi



ARM Macro Assembler    Page 8 


ngs\asm_main.lst asm_main.s



ARM Macro Assembler    Page 1 Alphabetic symbol ordering
Relocatable symbols

.text 00000000

Symbol: .text
   Definitions
      At line 23 in file asm_main.s
   Uses
      None
Comment: .text unused
L1 0000023E

Symbol: L1
   Definitions
      At line 323 in file asm_main.s
   Uses
      At line 324 in file asm_main.s
Comment: L1 used once
asm_main 00000000

Symbol: asm_main
   Definitions
      At line 26 in file asm_main.s
   Uses
      At line 24 in file asm_main.s
Comment: asm_main used once
checkACK 000001C2

Symbol: checkACK
   Definitions
      At line 248 in file asm_main.s
   Uses
      At line 164 in file asm_main.s
      At line 195 in file asm_main.s

checkFLA 000001A2

Symbol: checkFLA
   Definitions
      At line 228 in file asm_main.s
   Uses
      At line 125 in file asm_main.s
      At line 161 in file asm_main.s
      At line 183 in file asm_main.s

checkOLA 000001B2

Symbol: checkOLA
   Definitions
      At line 240 in file asm_main.s
   Uses
      At line 158 in file asm_main.s
      At line 180 in file asm_main.s
      At line 211 in file asm_main.s

checkTST 00000192

Symbol: checkTST
   Definitions
      At line 216 in file asm_main.s
   Uses



ARM Macro Assembler    Page 2 Alphabetic symbol ordering
Relocatable symbols

      At line 128 in file asm_main.s
      At line 141 in file asm_main.s

delayMs 0000023E

Symbol: delayMs
   Definitions
      At line 322 in file asm_main.s
   Uses
      None
Comment: delayMs unused
iLoop 000000D4

Symbol: iLoop
   Definitions
      At line 141 in file asm_main.s
   Uses
      At line 146 in file asm_main.s
      At line 150 in file asm_main.s

jLoop 00000106

Symbol: jLoop
   Definitions
      At line 158 in file asm_main.s
   Uses
      At line 170 in file asm_main.s
      At line 173 in file asm_main.s

kLoop 00000162

Symbol: kLoop
   Definitions
      At line 195 in file asm_main.s
   Uses
      At line 201 in file asm_main.s
      At line 204 in file asm_main.s

loopA 000000C0

Symbol: loopA
   Definitions
      At line 133 in file asm_main.s
   Uses
      At line 130 in file asm_main.s
Comment: loopA used once
loopB 000000A2

Symbol: loopB
   Definitions
      At line 119 in file asm_main.s
   Uses
      At line 131 in file asm_main.s
      At line 143 in file asm_main.s
      At line 163 in file asm_main.s

loopC 000000F2

Symbol: loopC



ARM Macro Assembler    Page 3 Alphabetic symbol ordering
Relocatable symbols

   Definitions
      At line 152 in file asm_main.s
   Uses
      At line 127 in file asm_main.s
      At line 185 in file asm_main.s

loopD 00000130

Symbol: loopD
   Definitions
      At line 175 in file asm_main.s
   Uses
      At line 166 in file asm_main.s
      At line 186 in file asm_main.s
      At line 213 in file asm_main.s

loopE 0000014E

Symbol: loopE
   Definitions
      At line 188 in file asm_main.s
   Uses
      At line 160 in file asm_main.s
      At line 182 in file asm_main.s

loopF 0000017C

Symbol: loopF
   Definitions
      At line 206 in file asm_main.s
   Uses
      At line 197 in file asm_main.s
      At line 214 in file asm_main.s

offBlue 000001D2

Symbol: offBlue
   Definitions
      At line 262 in file asm_main.s
   Uses
      At line 117 in file asm_main.s
      At line 121 in file asm_main.s
      At line 135 in file asm_main.s
      At line 154 in file asm_main.s
      At line 190 in file asm_main.s
      At line 208 in file asm_main.s

offGreen 000001F2

Symbol: offGreen
   Definitions
      At line 278 in file asm_main.s
   Uses
      At line 118 in file asm_main.s
      At line 155 in file asm_main.s
      At line 177 in file asm_main.s
      At line 189 in file asm_main.s
      At line 207 in file asm_main.s




ARM Macro Assembler    Page 4 Alphabetic symbol ordering
Relocatable symbols

offRed 000001E2

Symbol: offRed
   Definitions
      At line 270 in file asm_main.s
   Uses
      At line 116 in file asm_main.s
      At line 120 in file asm_main.s
      At line 134 in file asm_main.s
      At line 153 in file asm_main.s
      At line 176 in file asm_main.s
      At line 191 in file asm_main.s

onBlue 00000202

Symbol: onBlue
   Definitions
      At line 286 in file asm_main.s
   Uses
      At line 178 in file asm_main.s
Comment: onBlue used once
onGreen 0000021A

Symbol: onGreen
   Definitions
      At line 300 in file asm_main.s
   Uses
      At line 122 in file asm_main.s
      At line 136 in file asm_main.s

onRed 0000020E

Symbol: onRed
   Definitions
      At line 293 in file asm_main.s
   Uses
      At line 209 in file asm_main.s
Comment: onRed used once
xorBlue 00000226

Symbol: xorBlue
   Definitions
      At line 307 in file asm_main.s
   Uses
      At line 147 in file asm_main.s
      At line 171 in file asm_main.s

xorRed 00000232

Symbol: xorRed
   Definitions
      At line 314 in file asm_main.s
   Uses
      At line 148 in file asm_main.s
      At line 202 in file asm_main.s

25 symbols



ARM Macro Assembler    Page 1 Alphabetic symbol ordering
Absolute symbols

P1DIR 40004C04

Symbol: P1DIR
   Definitions
      At line 1 in file asm_main.s
   Uses
      At line 37 in file asm_main.s
      At line 42 in file asm_main.s
      At line 58 in file asm_main.s

P1IN 40004C00

Symbol: P1IN
   Definitions
      At line 10 in file asm_main.s
   Uses
      At line 221 in file asm_main.s
      At line 253 in file asm_main.s

P1OUT 40004C02

Symbol: P1OUT
   Definitions
      At line 2 in file asm_main.s
   Uses
      At line 95 in file asm_main.s
      At line 100 in file asm_main.s
      At line 272 in file asm_main.s
      At line 295 in file asm_main.s
      At line 316 in file asm_main.s

P1REN 40004C06

Symbol: P1REN
   Definitions
      At line 7 in file asm_main.s
   Uses
      At line 74 in file asm_main.s
      At line 79 in file asm_main.s

P2DIR 40004C05

Symbol: P2DIR
   Definitions
      At line 4 in file asm_main.s
   Uses
      At line 47 in file asm_main.s
      At line 52 in file asm_main.s
      At line 63 in file asm_main.s
      At line 68 in file asm_main.s

P2IN 40004C01

Symbol: P2IN
   Definitions
      At line 11 in file asm_main.s
   Uses
      At line 233 in file asm_main.s
      At line 241 in file asm_main.s



ARM Macro Assembler    Page 2 Alphabetic symbol ordering
Absolute symbols


P2OUT 40004C03

Symbol: P2OUT
   Definitions
      At line 5 in file asm_main.s
   Uses
      At line 105 in file asm_main.s
      At line 110 in file asm_main.s
      At line 264 in file asm_main.s
      At line 280 in file asm_main.s
      At line 288 in file asm_main.s
      At line 302 in file asm_main.s
      At line 309 in file asm_main.s

P2REN 40004C07

Symbol: P2REN
   Definitions
      At line 8 in file asm_main.s
   Uses
      At line 84 in file asm_main.s
      At line 89 in file asm_main.s

ackMASK 00000010

Symbol: ackMASK
   Definitions
      At line 18 in file asm_main.s
   Uses
      At line 44 in file asm_main.s
      At line 81 in file asm_main.s
      At line 102 in file asm_main.s
      At line 255 in file asm_main.s

blueMASK 00000004

Symbol: blueMASK
   Definitions
      At line 15 in file asm_main.s
   Uses
      At line 70 in file asm_main.s
      At line 266 in file asm_main.s
      At line 290 in file asm_main.s
      At line 311 in file asm_main.s

flaMASK 00000040

Symbol: flaMASK
   Definitions
      At line 19 in file asm_main.s
   Uses
      At line 49 in file asm_main.s
      At line 86 in file asm_main.s
      At line 107 in file asm_main.s
      At line 235 in file asm_main.s

greenMASK 00000002




ARM Macro Assembler    Page 3 Alphabetic symbol ordering
Absolute symbols

Symbol: greenMASK
   Definitions
      At line 14 in file asm_main.s
   Uses
      At line 65 in file asm_main.s
      At line 282 in file asm_main.s
      At line 304 in file asm_main.s

olaMASK 00000080

Symbol: olaMASK
   Definitions
      At line 20 in file asm_main.s
   Uses
      At line 54 in file asm_main.s
      At line 91 in file asm_main.s
      At line 112 in file asm_main.s
      At line 243 in file asm_main.s

redMASK 00000001

Symbol: redMASK
   Definitions
      At line 13 in file asm_main.s
   Uses
      At line 60 in file asm_main.s
      At line 274 in file asm_main.s
      At line 297 in file asm_main.s
      At line 318 in file asm_main.s

tstMASK 00000002

Symbol: tstMASK
   Definitions
      At line 17 in file asm_main.s
   Uses
      At line 39 in file asm_main.s
      At line 76 in file asm_main.s
      At line 97 in file asm_main.s
      At line 223 in file asm_main.s

15 symbols
377 symbols in table
